<?xml version="1.0" encoding="UTF-8"?>
<!-- Generated by org.testng.reporters.JUnitReportReporter -->
<testsuite hostname="LIN35006143" name="com.Mcd.qa.TestCases.Core_Trademark_Permission" tests="28" failures="0" timestamp="24 Feb 2021 06:18:25 GMT" time="1228.352" errors="0">
  <testcase name="How_It_Will_Be_Used" time="42.399" classname="com.Mcd.qa.TestCases.Core_Trademark_Permission"/>
  <testcase name="What_Was_The_Outcome" time="60.070" classname="com.Mcd.qa.TestCases.Core_Trademark_Permission"/>
  <testcase name="City" time="46.928" classname="com.Mcd.qa.TestCases.Core_Trademark_Permission"/>
  <testcase name="Reason_For_You_Request" time="21.889" classname="com.Mcd.qa.TestCases.Core_Trademark_Permission"/>
  <testcase name="Publisher_Publication_Title" time="50.017" classname="com.Mcd.qa.TestCases.Core_Trademark_Permission"/>
  <testcase name="Apt_Suite" time="25.586" classname="com.Mcd.qa.TestCases.Core_Trademark_Permission"/>
  <testcase name="How_Long_Will_It_Be_Used" time="44.847" classname="com.Mcd.qa.TestCases.Core_Trademark_Permission"/>
  <testcase name="Zip" time="50.483" classname="com.Mcd.qa.TestCases.Core_Trademark_Permission"/>
  <testcase name="By_Selecting_Submit" time="19.424" classname="com.Mcd.qa.TestCases.Core_Trademark_Permission"/>
  <testcase name="First_Name" time="46.059" classname="com.Mcd.qa.TestCases.Core_Trademark_Permission"/>
  <testcase name="Supporting_Attachments" time="55.344" classname="com.Mcd.qa.TestCases.Core_Trademark_Permission"/>
  <testcase name="Book_Publications_Author" time="42.055" classname="com.Mcd.qa.TestCases.Core_Trademark_Permission"/>
  <testcase name="Email" time="49.411" classname="com.Mcd.qa.TestCases.Core_Trademark_Permission"/>
  <testcase name="Confirm_Email" time="44.557" classname="com.Mcd.qa.TestCases.Core_Trademark_Permission"/>
  <testcase name="What_Is_The_Intended_Audience" time="43.440" classname="com.Mcd.qa.TestCases.Core_Trademark_Permission"/>
  <testcase name="Have_you_previously_Requested_Permission" time="38.707" classname="com.Mcd.qa.TestCases.Core_Trademark_Permission"/>
  <testcase name="Address_Usonly" time="46.968" classname="com.Mcd.qa.TestCases.Core_Trademark_Permission"/>
  <testcase name="Pick_Different_Topic" time="110.627" classname="com.Mcd.qa.TestCases.Core_Trademark_Permission"/>
  <testcase name="State" time="39.502" classname="com.Mcd.qa.TestCases.Core_Trademark_Permission"/>
  <testcase name="Open_urlT" time="10.601" classname="com.Mcd.qa.TestCases.Core_Trademark_Permission"/>
  <testcase name="Last_Name" time="45.282" classname="com.Mcd.qa.TestCases.Core_Trademark_Permission"/>
  <testcase name="When_Was_the_Request_Submitted" time="62.173" classname="com.Mcd.qa.TestCases.Core_Trademark_Permission"/>
  <testcase name="Trademark_Permission_Heading" time="17.176" classname="com.Mcd.qa.TestCases.Core_Trademark_Permission"/>
  <testcase name="Day_Year" time="57.134" classname="com.Mcd.qa.TestCases.Core_Trademark_Permission"/>
  <testcase name="How_Can_We_Help_you" time="15.773" classname="com.Mcd.qa.TestCases.Core_Trademark_Permission"/>
  <testcase name="Global_Error_Message_TMP" time="15.602" classname="com.Mcd.qa.TestCases.Core_Trademark_Permission"/>
  <testcase name="Tell_Us_About_Your_Request" time="75.584" classname="com.Mcd.qa.TestCases.Core_Trademark_Permission"/>
  <testcase name="Phone_Number" time="50.714" classname="com.Mcd.qa.TestCases.Core_Trademark_Permission"/>
</testsuite> <!-- com.Mcd.qa.TestCases.Core_Trademark_Permission -->
