<?xml version="1.0" encoding="UTF-8"?>
<!-- Generated by org.testng.reporters.JUnitReportReporter -->
<testsuite hostname="LIN35006143" name="com.Mcd.qa.TestCases.Help_Center" tests="8" failures="0" timestamp="4 Mar 2021 12:16:11 GMT" time="134.412" errors="0">
  <testcase name="Help_Center_Common_Questions" time="20.302" classname="com.Mcd.qa.TestCases.Help_Center"/>
  <testcase name="Help_Center_Restaurant" time="20.920" classname="com.Mcd.qa.TestCases.Help_Center"/>
  <testcase name="Open_URL_Helpcenter" time="10.983" classname="com.Mcd.qa.TestCases.Help_Center"/>
  <testcase name="Help_Center_Payment" time="20.232" classname="com.Mcd.qa.TestCases.Help_Center"/>
  <testcase name="Help_Center_Headings" time="0.315" classname="com.Mcd.qa.TestCases.Help_Center"/>
  <testcase name="Help_Center_Searchbutton" time="18.853" classname="com.Mcd.qa.TestCases.Help_Center"/>
  <testcase name="Help_Center_Account" time="22.523" classname="com.Mcd.qa.TestCases.Help_Center"/>
  <testcase name="Help_Center_Mobile_Ordering" time="20.284" classname="com.Mcd.qa.TestCases.Help_Center"/>
</testsuite> <!-- com.Mcd.qa.TestCases.Help_Center -->
