<?xml version="1.0" encoding="UTF-8"?>
<!-- Generated by org.testng.reporters.JUnitReportReporter -->
<testsuite hostname="LIN35006143" name="com.Mcd.qa.TestCases.Core_General_Inquiry" tests="18" failures="0" timestamp="22 Feb 2021 10:21:53 GMT" time="951.252" errors="0">
  <testcase name="AptSuite" time="26.729" classname="com.Mcd.qa.TestCases.Core_General_Inquiry"/>
  <testcase name="phone_number" time="54.945" classname="com.Mcd.qa.TestCases.Core_General_Inquiry"/>
  <testcase name="What_is_This_About" time="39.714" classname="com.Mcd.qa.TestCases.Core_General_Inquiry"/>
  <testcase name="City" time="48.706" classname="com.Mcd.qa.TestCases.Core_General_Inquiry"/>
  <testcase name="State" time="41.598" classname="com.Mcd.qa.TestCases.Core_General_Inquiry"/>
  <testcase name="Address" time="67.180" classname="com.Mcd.qa.TestCases.Core_General_Inquiry"/>
  <testcase name="Confirm_Email" time="50.798" classname="com.Mcd.qa.TestCases.Core_General_Inquiry"/>
  <testcase name="Open_URL" time="18.280" classname="com.Mcd.qa.TestCases.Core_General_Inquiry"/>
  <testcase name="Tell_Us_About_It" time="65.394" classname="com.Mcd.qa.TestCases.Core_General_Inquiry"/>
  <testcase name="Pick_Different_Topic" time="159.897" classname="com.Mcd.qa.TestCases.Core_General_Inquiry"/>
  <testcase name="Zip" time="55.889" classname="com.Mcd.qa.TestCases.Core_General_Inquiry"/>
  <testcase name="Positive_scenario" time="75.872" classname="com.Mcd.qa.TestCases.Core_General_Inquiry"/>
  <testcase name="By_Selecting_Submit" time="71.462" classname="com.Mcd.qa.TestCases.Core_General_Inquiry"/>
  <testcase name="First_Name" time="49.337" classname="com.Mcd.qa.TestCases.Core_General_Inquiry"/>
  <testcase name="General_Inqury" time="3.747" classname="com.Mcd.qa.TestCases.Core_General_Inquiry"/>
  <testcase name="We_Want_to_Hear_From_You" time="16.587" classname="com.Mcd.qa.TestCases.Core_General_Inquiry"/>
  <testcase name="Email" time="55.942" classname="com.Mcd.qa.TestCases.Core_General_Inquiry"/>
  <testcase name="Last_Name" time="49.175" classname="com.Mcd.qa.TestCases.Core_General_Inquiry"/>
</testsuite> <!-- com.Mcd.qa.TestCases.Core_General_Inquiry -->
