<?xml version="1.0" encoding="UTF-8"?>
<!-- Generated by org.testng.reporters.JUnitReportReporter -->
<testsuite hostname="LIN35006143" name="com.Mcd.qa.TestCases.Local_Restaurant_Page1" tests="9" failures="0" timestamp="21 Feb 2021 12:16:20 GMT" time="314.678" errors="0">
  <testcase name="Local_Restaurant_OrderMcDelivery" time="39.847" classname="com.Mcd.qa.TestCases.Local_Restaurant_Page1"/>
  <testcase name="Local_Restaurant_App_Promo" time="46.571" classname="com.Mcd.qa.TestCases.Local_Restaurant_Page1"/>
  <testcase name="Open_URL_Local_Restaurant" time="16.213" classname="com.Mcd.qa.TestCases.Local_Restaurant_Page1"/>
  <testcase name="Local_Restaurant_welcome_Image" time="15.028" classname="com.Mcd.qa.TestCases.Local_Restaurant_Page1"/>
  <testcase name="Get_Directions_Mapview" time="37.150" classname="com.Mcd.qa.TestCases.Local_Restaurant_Page1"/>
  <testcase name="Restautant_Locater" time="17.356" classname="com.Mcd.qa.TestCases.Local_Restaurant_Page1"/>
  <testcase name="Local_Restaurant_Near_By_Stores" time="51.575" classname="com.Mcd.qa.TestCases.Local_Restaurant_Page1"/>
  <testcase name="Local_Restaurant_FAQ" time="62.341" classname="com.Mcd.qa.TestCases.Local_Restaurant_Page1"/>
  <testcase name="Local_Restaurant_Mcdonalds_Carres" time="28.597" classname="com.Mcd.qa.TestCases.Local_Restaurant_Page1"/>
</testsuite> <!-- com.Mcd.qa.TestCases.Local_Restaurant_Page1 -->
