<?xml version="1.0" encoding="UTF-8"?>
<!-- Generated by org.testng.reporters.JUnitReportReporter -->
<testsuite hostname="LIN35006143" name="com.Mcd.qa.TestCases.old_restaurant_feedback" tests="30" failures="0" timestamp="25 Feb 2021 11:42:53 GMT" time="1279.463" errors="0">
  <testcase name="Apt_Suite" time="26.995" classname="com.Mcd.qa.TestCases.old_restaurant_feedback"/>
  <testcase name="City_cont_find_location" time="36.163" classname="com.Mcd.qa.TestCases.old_restaurant_feedback"/>
  <testcase name="Confirm_Email" time="63.405" classname="com.Mcd.qa.TestCases.old_restaurant_feedback"/>
  <testcase name="By_Selecting_Submit" time="9.876" classname="com.Mcd.qa.TestCases.old_restaurant_feedback"/>
  <testcase name="search_Button_Select_Restaurant" time="70.404" classname="com.Mcd.qa.TestCases.old_restaurant_feedback"/>
  <testcase name="Last_Name" time="48.695" classname="com.Mcd.qa.TestCases.old_restaurant_feedback"/>
  <testcase name="Open_Close_webstatus" time="29.064" classname="com.Mcd.qa.TestCases.old_restaurant_feedback"/>
  <testcase name="Zip" time="71.390" classname="com.Mcd.qa.TestCases.old_restaurant_feedback"/>
  <testcase name="visit_time_AM_PM" time="27.754" classname="com.Mcd.qa.TestCases.old_restaurant_feedback"/>
  <testcase name="what_was_you_takeaway_preference" time="45.255" classname="com.Mcd.qa.TestCases.old_restaurant_feedback"/>
  <testcase name="Email" time="54.388" classname="com.Mcd.qa.TestCases.old_restaurant_feedback"/>
  <testcase name="City" time="49.792" classname="com.Mcd.qa.TestCases.old_restaurant_feedback"/>
  <testcase name="Please_Indicate_Whether_You" time="16.333" classname="com.Mcd.qa.TestCases.old_restaurant_feedback"/>
  <testcase name="Pick_Different_topic_Dropdown" time="143.832" classname="com.Mcd.qa.TestCases.old_restaurant_feedback"/>
  <testcase name="State_cont_find" time="46.960" classname="com.Mcd.qa.TestCases.old_restaurant_feedback"/>
  <testcase name="Give_us_your_feedback" time="90.204" classname="com.Mcd.qa.TestCases.old_restaurant_feedback"/>
  <testcase name="Phone_Number" time="49.076" classname="com.Mcd.qa.TestCases.old_restaurant_feedback"/>
  <testcase name="Open_URLR" time="10.961" classname="com.Mcd.qa.TestCases.old_restaurant_feedback"/>
  <testcase name="Restaurantlabel_image" time="13.219" classname="com.Mcd.qa.TestCases.old_restaurant_feedback"/>
  <testcase name="Day_and_Year" time="61.422" classname="com.Mcd.qa.TestCases.old_restaurant_feedback"/>
  <testcase name="Global_Error_Message" time="19.939" classname="com.Mcd.qa.TestCases.old_restaurant_feedback"/>
  <testcase name="State" time="41.414" classname="com.Mcd.qa.TestCases.old_restaurant_feedback"/>
  <testcase name="Restaurant_Locator" time="22.073" classname="com.Mcd.qa.TestCases.old_restaurant_feedback"/>
  <testcase name="Popular_landmark_near_therestaurant" time="33.389" classname="com.Mcd.qa.TestCases.old_restaurant_feedback"/>
  <testcase name="Restaurant_address" time="32.886" classname="com.Mcd.qa.TestCases.old_restaurant_feedback"/>
  <testcase name="Indicate_Pleaseselect_Searchlabels" time="27.150" classname="com.Mcd.qa.TestCases.old_restaurant_feedback"/>
  <testcase name="Vist_date_month" time="44.780" classname="com.Mcd.qa.TestCases.old_restaurant_feedback"/>
  <testcase name="First_name" time="29.905" classname="com.Mcd.qa.TestCases.old_restaurant_feedback"/>
  <testcase name="Address_USonly" time="45.796" classname="com.Mcd.qa.TestCases.old_restaurant_feedback"/>
  <testcase name="cant_find_the_location" time="16.943" classname="com.Mcd.qa.TestCases.old_restaurant_feedback"/>
</testsuite> <!-- com.Mcd.qa.TestCases.old_restaurant_feedback -->
