<?xml version="1.0" encoding="UTF-8"?>
<!-- Generated by org.testng.reporters.JUnitReportReporter -->
<testsuite hostname="LIN35006143" name="com.Mcd.qa.TestCases.Restaurant_feedback" tests="24" failures="0" timestamp="24 Feb 2021 10:11:28 GMT" time="767.821" errors="0">
  <testcase name="Open_URLR" time="9.993" classname="com.Mcd.qa.TestCases.Restaurant_feedback"/>
  <testcase name="Address_Line_two" time="28.344" classname="com.Mcd.qa.TestCases.Restaurant_feedback"/>
  <testcase name="How_did_you_Place_your_order" time="26.707" classname="com.Mcd.qa.TestCases.Restaurant_feedback"/>
  <testcase name="First_name" time="30.193" classname="com.Mcd.qa.TestCases.Restaurant_feedback"/>
  <testcase name="Confirm_Email" time="40.563" classname="com.Mcd.qa.TestCases.Restaurant_feedback"/>
  <testcase name="Global_and_Functional_Error_Message" time="18.709" classname="com.Mcd.qa.TestCases.Restaurant_feedback"/>
  <testcase name="Visit_Date" time="46.816" classname="com.Mcd.qa.TestCases.Restaurant_feedback"/>
  <testcase name="Phone_Number" time="39.965" classname="com.Mcd.qa.TestCases.Restaurant_feedback"/>
  <testcase name="Address_Line_one" time="29.168" classname="com.Mcd.qa.TestCases.Restaurant_feedback"/>
  <testcase name="State" time="29.487" classname="com.Mcd.qa.TestCases.Restaurant_feedback"/>
  <testcase name="Email" time="37.076" classname="com.Mcd.qa.TestCases.Restaurant_feedback"/>
  <testcase name="How_did_you_Pick_your_order" time="32.272" classname="com.Mcd.qa.TestCases.Restaurant_feedback"/>
  <testcase name="Give_us_your_feedback_AND_Comments" time="56.009" classname="com.Mcd.qa.TestCases.Restaurant_feedback"/>
  <testcase name="Restaurant_Locator" time="36.319" classname="com.Mcd.qa.TestCases.Restaurant_feedback"/>
  <testcase name="Submit_and_Reset_buttons" time="23.120" classname="com.Mcd.qa.TestCases.Restaurant_feedback"/>
  <testcase name="City" time="28.449" classname="com.Mcd.qa.TestCases.Restaurant_feedback"/>
  <testcase name="Restaurant_headings" time="10.783" classname="com.Mcd.qa.TestCases.Restaurant_feedback"/>
  <testcase name="Do_You_Want_The_Owners_Organization" time="35.692" classname="com.Mcd.qa.TestCases.Restaurant_feedback"/>
  <testcase name="Open_Close_webstatus" time="20.746" classname="com.Mcd.qa.TestCases.Restaurant_feedback"/>
  <testcase name="Visit_Time" time="66.304" classname="com.Mcd.qa.TestCases.Restaurant_feedback"/>
  <testcase name="Zip" time="39.469" classname="com.Mcd.qa.TestCases.Restaurant_feedback"/>
  <testcase name="By_Selecting_Submit_Title" time="4.877" classname="com.Mcd.qa.TestCases.Restaurant_feedback"/>
  <testcase name="search_Button_Select_Restaurant" time="48.684" classname="com.Mcd.qa.TestCases.Restaurant_feedback"/>
  <testcase name="Last_Name" time="28.076" classname="com.Mcd.qa.TestCases.Restaurant_feedback"/>
</testsuite> <!-- com.Mcd.qa.TestCases.Restaurant_feedback -->
