<?xml version="1.0" encoding="UTF-8"?>
<!-- Generated by org.testng.reporters.JUnitReportReporter -->
<testsuite hostname="LIN35006143" name="com.Mcd.qa.TestCases.General_EnquireP" tests="26" failures="0" timestamp="19 Jan 2021 05:32:29 GMT" time="1328.842" errors="0">
  <testcase name="Pick_Different_Topic" time="156.085" classname="com.Mcd.qa.TestCases.General_EnquireP"/>
  <testcase name="General_Inqury" time="6.248" classname="com.Mcd.qa.TestCases.General_EnquireP"/>
  <testcase name="Email" time="55.922" classname="com.Mcd.qa.TestCases.General_EnquireP"/>
  <testcase name="Footer_Employee_Perks_GI" time="51.399" classname="com.Mcd.qa.TestCases.General_EnquireP"/>
  <testcase name="AptSuite" time="26.530" classname="com.Mcd.qa.TestCases.General_EnquireP"/>
  <testcase name="Footer_Education_Opportunities_GI" time="59.515" classname="com.Mcd.qa.TestCases.General_EnquireP"/>
  <testcase name="Positive_scenario" time="75.545" classname="com.Mcd.qa.TestCases.General_EnquireP"/>
  <testcase name="Zip" time="52.527" classname="com.Mcd.qa.TestCases.General_EnquireP"/>
  <testcase name="phone_number" time="51.338" classname="com.Mcd.qa.TestCases.General_EnquireP"/>
  <testcase name="Header_CareersGI" time="58.610" classname="com.Mcd.qa.TestCases.General_EnquireP"/>
  <testcase name="City" time="46.272" classname="com.Mcd.qa.TestCases.General_EnquireP"/>
  <testcase name="Tell_Us_About_It" time="59.442" classname="com.Mcd.qa.TestCases.General_EnquireP"/>
  <testcase name="Footer_Working_With_Us_GI" time="51.163" classname="com.Mcd.qa.TestCases.General_EnquireP"/>
  <testcase name="Footer_MEET_Our_People_GI" time="79.187" classname="com.Mcd.qa.TestCases.General_EnquireP"/>
  <testcase name="Frist_Name" time="49.591" classname="com.Mcd.qa.TestCases.General_EnquireP"/>
  <testcase name="State" time="37.281" classname="com.Mcd.qa.TestCases.General_EnquireP"/>
  <testcase name="Last_Name" time="47.423" classname="com.Mcd.qa.TestCases.General_EnquireP"/>
  <testcase name="Footer_For_Our_Veterans_GI" time="49.374" classname="com.Mcd.qa.TestCases.General_EnquireP"/>
  <testcase name="What_is_This_About" time="19.983" classname="com.Mcd.qa.TestCases.General_EnquireP"/>
  <testcase name="We_Want_to_Hear_From_You" time="15.806" classname="com.Mcd.qa.TestCases.General_EnquireP"/>
  <testcase name="By_Selecting_Submit" time="43.701" classname="com.Mcd.qa.TestCases.General_EnquireP"/>
  <testcase name="Footer_CareersGI" time="52.333" classname="com.Mcd.qa.TestCases.General_EnquireP"/>
  <testcase name="Footer_Apply_Now_GI" time="51.015" classname="com.Mcd.qa.TestCases.General_EnquireP"/>
  <testcase name="Open_URL" time="24.042" classname="com.Mcd.qa.TestCases.General_EnquireP"/>
  <testcase name="Address" time="61.443" classname="com.Mcd.qa.TestCases.General_EnquireP"/>
  <testcase name="Confirm_Email" time="47.067" classname="com.Mcd.qa.TestCases.General_EnquireP"/>
</testsuite> <!-- com.Mcd.qa.TestCases.General_EnquireP -->
