<?xml version="1.0" encoding="UTF-8"?>
<!-- Generated by org.testng.reporters.JUnitReportReporter -->
<testsuite hostname="LIN35006143" name="com.Mcd.qa.TestCases.Trademark_Permission" tests="29" failures="0" timestamp="19 Jan 2021 10:46:13 GMT" time="1377.641" errors="0">
  <testcase name="EmailT" time="57.837" classname="com.Mcd.qa.TestCases.Trademark_Permission"/>
  <testcase name="Have_you_previously_Requested_Permission" time="38.686" classname="com.Mcd.qa.TestCases.Trademark_Permission"/>
  <testcase name="How_Can_We_Help_youT" time="14.981" classname="com.Mcd.qa.TestCases.Trademark_Permission"/>
  <testcase name="Reason_For_You_RequestT" time="20.157" classname="com.Mcd.qa.TestCases.Trademark_Permission"/>
  <testcase name="First_NameT" time="45.391" classname="com.Mcd.qa.TestCases.Trademark_Permission"/>
  <testcase name="Supporting_Attachments" time="53.003" classname="com.Mcd.qa.TestCases.Trademark_Permission"/>
  <testcase name="Global_Error_Message_TMP" time="20.223" classname="com.Mcd.qa.TestCases.Trademark_Permission"/>
  <testcase name="Pick_Different_TopicT" time="111.910" classname="com.Mcd.qa.TestCases.Trademark_Permission"/>
  <testcase name="Address_UsonlyT" time="44.654" classname="com.Mcd.qa.TestCases.Trademark_Permission"/>
  <testcase name="Trademark_Permission_label" time="8.728" classname="com.Mcd.qa.TestCases.Trademark_Permission"/>
  <testcase name="Positive_scenario_Trademark_Permission" time="112.117" classname="com.Mcd.qa.TestCases.Trademark_Permission"/>
  <testcase name="Last_NameT" time="47.094" classname="com.Mcd.qa.TestCases.Trademark_Permission"/>
  <testcase name="ZipT" time="54.099" classname="com.Mcd.qa.TestCases.Trademark_Permission"/>
  <testcase name="By_Selecting_SubmitT" time="23.887" classname="com.Mcd.qa.TestCases.Trademark_Permission"/>
  <testcase name="Apt_SuiteT" time="27.140" classname="com.Mcd.qa.TestCases.Trademark_Permission"/>
  <testcase name="Tell_Us_About_Your_RequestT" time="73.434" classname="com.Mcd.qa.TestCases.Trademark_Permission"/>
  <testcase name="How_It_Will_Be_Used" time="43.718" classname="com.Mcd.qa.TestCases.Trademark_Permission"/>
  <testcase name="Publisher_Publication_Title" time="51.943" classname="com.Mcd.qa.TestCases.Trademark_Permission"/>
  <testcase name="ConfirmT" time="47.487" classname="com.Mcd.qa.TestCases.Trademark_Permission"/>
  <testcase name="Open_URLT" time="9.245" classname="com.Mcd.qa.TestCases.Trademark_Permission"/>
  <testcase name="How_Long_Will_It_Be_Used" time="43.431" classname="com.Mcd.qa.TestCases.Trademark_Permission"/>
  <testcase name="What_Is_The_Intended_Audience" time="43.727" classname="com.Mcd.qa.TestCases.Trademark_Permission"/>
  <testcase name="Phone_NumberT" time="52.665" classname="com.Mcd.qa.TestCases.Trademark_Permission"/>
  <testcase name="CityT" time="49.118" classname="com.Mcd.qa.TestCases.Trademark_Permission"/>
  <testcase name="Book_Publications_Author" time="43.123" classname="com.Mcd.qa.TestCases.Trademark_Permission"/>
  <testcase name="When_Was_the_Request_Submitted" time="60.390" classname="com.Mcd.qa.TestCases.Trademark_Permission"/>
  <testcase name="Day_Year" time="75.397" classname="com.Mcd.qa.TestCases.Trademark_Permission"/>
  <testcase name="What_Was_The_Outcome" time="64.982" classname="com.Mcd.qa.TestCases.Trademark_Permission"/>
  <testcase name="StateT" time="39.074" classname="com.Mcd.qa.TestCases.Trademark_Permission"/>
</testsuite> <!-- com.Mcd.qa.TestCases.Trademark_Permission -->
