<?xml version="1.0" encoding="UTF-8"?>
<!-- Generated by org.testng.reporters.JUnitReportReporter -->
<testsuite hostname="LIN35006143" name="com.Mcd.qa.TestCases.Twitter_Positive_Scenario_For_Contactus_Forms" tests="7" failures="0" timestamp="10 Feb 2021 09:10:03 GMT" time="751.140" errors="0">
  <testcase name="Twitter_General_Enquire_Positive_scenario" time="73.788" classname="com.Mcd.qa.TestCases.Twitter_Positive_Scenario_For_Contactus_Forms"/>
  <testcase name="Twitter_CCPA_Mcdonald_May_positive_scenario" time="76.366" classname="com.Mcd.qa.TestCases.Twitter_Positive_Scenario_For_Contactus_Forms"/>
  <testcase name="Twitter_Mobile_App_Feedback_Positive_scenario" time="95.541" classname="com.Mcd.qa.TestCases.Twitter_Positive_Scenario_For_Contactus_Forms"/>
  <testcase name="Twitter_Franchising_Positive_Scenario" time="130.111" classname="com.Mcd.qa.TestCases.Twitter_Positive_Scenario_For_Contactus_Forms"/>
  <testcase name="Twitter_Restaurant_Feedback_Positive_scenario" time="89.277" classname="com.Mcd.qa.TestCases.Twitter_Positive_Scenario_For_Contactus_Forms"/>
  <testcase name="Twitter_old_Restaurant_Feedback_Form_Positive_scenario" time="159.441" classname="com.Mcd.qa.TestCases.Twitter_Positive_Scenario_For_Contactus_Forms"/>
  <testcase name="Twitter_Trademark_Permission_Positive_scenario" time="126.616" classname="com.Mcd.qa.TestCases.Twitter_Positive_Scenario_For_Contactus_Forms"/>
</testsuite> <!-- com.Mcd.qa.TestCases.Twitter_Positive_Scenario_For_Contactus_Forms -->
