<?xml version="1.0" encoding="UTF-8"?>
<!-- Generated by org.testng.reporters.JUnitReportReporter -->
<testsuite hostname="LIN80002473" name="com.Mcd.qa.TestCases.Mc_Cafe_Stores" tests="4" failures="0" timestamp="20 Feb 2020 12:55:10 GMT" time="144.207" errors="0">
  <testcase name="Filters_Mc_Cafe_Store" time="36.475" classname="com.Mcd.qa.TestCases.Mc_Cafe_Stores"/>
  <testcase name="Mc_Cafe_Address" time="45.324" classname="com.Mcd.qa.TestCases.Mc_Cafe_Stores"/>
  <testcase name="Open_URL_Mc_Cafe_Stores" time="9.116" classname="com.Mcd.qa.TestCases.Mc_Cafe_Stores"/>
  <testcase name="List_view_Mc_Cafe_Stores" time="53.292" classname="com.Mcd.qa.TestCases.Mc_Cafe_Stores"/>
</testsuite> <!-- com.Mcd.qa.TestCases.Mc_Cafe_Stores -->
