<?xml version="1.0" encoding="UTF-8"?>
<!-- Generated by org.testng.reporters.JUnitReportReporter -->
<testsuite hostname="LIN35006143" name="com.Mcd.qa.TestCases.Facebook_Positive_Scenario_For_Contactus_Forms" tests="7" failures="0" timestamp="10 Feb 2021 07:59:40 GMT" time="762.554" errors="0">
  <testcase name="FB_old_Restaurant_Feedback_Form_Positive_scenario" time="160.116" classname="com.Mcd.qa.TestCases.Facebook_Positive_Scenario_For_Contactus_Forms"/>
  <testcase name="FB_General_Enquire_Positive_scenario" time="73.449" classname="com.Mcd.qa.TestCases.Facebook_Positive_Scenario_For_Contactus_Forms"/>
  <testcase name="FB_Trademark_Permission_Positive_scenario" time="127.453" classname="com.Mcd.qa.TestCases.Facebook_Positive_Scenario_For_Contactus_Forms"/>
  <testcase name="FB_Franchising_Positive_Scenario" time="132.556" classname="com.Mcd.qa.TestCases.Facebook_Positive_Scenario_For_Contactus_Forms"/>
  <testcase name="FB_Restaurant_Feedback_Positive_scenario" time="96.843" classname="com.Mcd.qa.TestCases.Facebook_Positive_Scenario_For_Contactus_Forms"/>
  <testcase name="FB_Mobile_App_Feedback_Positive_scenario" time="96.249" classname="com.Mcd.qa.TestCases.Facebook_Positive_Scenario_For_Contactus_Forms"/>
  <testcase name="FB_CCPA_Mcdonald_May_positive_scenario" time="75.888" classname="com.Mcd.qa.TestCases.Facebook_Positive_Scenario_For_Contactus_Forms"/>
</testsuite> <!-- com.Mcd.qa.TestCases.Facebook_Positive_Scenario_For_Contactus_Forms -->
