<?xml version="1.0" encoding="UTF-8"?>
<!-- Generated by org.testng.reporters.JUnitReportReporter -->
<testsuite hostname="LIN35006143" name="com.Mcd.qa.TestCases.Coke_Store_locator" tests="4" failures="0" timestamp="13 Aug 2020 10:20:19 GMT" time="217.508" errors="0">
  <testcase name="List_view_Coke_store" time="75.051" classname="com.Mcd.qa.TestCases.Coke_Store_locator"/>
  <testcase name="Filters_Coke_Store_Locator" time="90.217" classname="com.Mcd.qa.TestCases.Coke_Store_locator"/>
  <testcase name="Open_URL_Coke_Store_locator" time="28.920" classname="com.Mcd.qa.TestCases.Coke_Store_locator"/>
  <testcase name="Coke_Store_Locator" time="23.320" classname="com.Mcd.qa.TestCases.Coke_Store_locator"/>
</testsuite> <!-- com.Mcd.qa.TestCases.Coke_Store_locator -->
