<?xml version="1.0" encoding="UTF-8"?>
<!-- Generated by org.testng.reporters.JUnitReportReporter -->
<testsuite hostname="LIN80002473" name="McD_test.Chrom__lanch" tests="1" failures="0" timestamp="13 Sep 2019 06:39:02 GMT" time="15.956" errors="0">
  <testcase name="openBrowser" time="15.956" classname="McD_test.Chrom__lanch"/>
</testsuite> <!-- McD_test.Chrom__lanch -->
