<?xml version="1.0" encoding="UTF-8"?>
<!-- Generated by org.testng.reporters.JUnitReportReporter -->
<testsuite hostname="LIN35006143" name="com.Mcd.qa.TestCases.Footer_Navigation" tests="38" failures="0" timestamp="21 Feb 2021 15:12:35 GMT" time="770.869" errors="0">
  <testcase name="Footer_Page_to_Contact" time="7.584" classname="com.Mcd.qa.TestCases.Footer_Navigation"/>
  <testcase name="Footer_McDonalds_International" time="13.760" classname="com.Mcd.qa.TestCases.Footer_Navigation"/>
  <testcase name="Footer_About_us" time="19.827" classname="com.Mcd.qa.TestCases.Footer_Navigation"/>
  <testcase name="Footer_Education_Opportunities_GI" time="59.798" classname="com.Mcd.qa.TestCases.Footer_Navigation"/>
  <testcase name="Footer_Leadership_Team" time="9.367" classname="com.Mcd.qa.TestCases.Footer_Navigation"/>
  <testcase name="Footer_Archcard" time="8.917" classname="com.Mcd.qa.TestCases.Footer_Navigation"/>
  <testcase name="Footer_Wifi" time="9.687" classname="com.Mcd.qa.TestCases.Footer_Navigation"/>
  <testcase name="Footer_RMHC" time="10.306" classname="com.Mcd.qa.TestCases.Footer_Navigation"/>
  <testcase name="Footer_McDonalds_APA1" time="7.407" classname="com.Mcd.qa.TestCases.Footer_Navigation"/>
  <testcase name="Footer_Recalls_Alerts" time="11.769" classname="com.Mcd.qa.TestCases.Footer_Navigation"/>
  <testcase name="Footer_Standards_of_Business_Conduct" time="11.044" classname="com.Mcd.qa.TestCases.Footer_Navigation"/>
  <testcase name="Footer_Black_Positively_Golden1" time="7.224" classname="com.Mcd.qa.TestCases.Footer_Navigation"/>
  <testcase name="Footer_For_Our_Veterans_GI" time="50.947" classname="com.Mcd.qa.TestCases.Footer_Navigation"/>
  <testcase name="Footer_Play_Places_Parties" time="10.316" classname="com.Mcd.qa.TestCases.Footer_Navigation"/>
  <testcase name="Footer_McDonalds_APA" time="10.712" classname="com.Mcd.qa.TestCases.Footer_Navigation"/>
  <testcase name="Footer_CareersGI" time="55.205" classname="com.Mcd.qa.TestCases.Footer_Navigation"/>
  <testcase name="Footer_Black_Positively_Golden" time="10.121" classname="com.Mcd.qa.TestCases.Footer_Navigation"/>
  <testcase name="Footer_ArchCard" time="6.818" classname="com.Mcd.qa.TestCases.Footer_Navigation"/>
  <testcase name="Footer_Franchise_Info" time="14.813" classname="com.Mcd.qa.TestCases.Footer_Navigation"/>
  <testcase name="Footer_Employment" time="7.112" classname="com.Mcd.qa.TestCases.Footer_Navigation"/>
  <testcase name="Footer_akamai000" time="6.923" classname="com.Mcd.qa.TestCases.Footer_Navigation"/>
  <testcase name="Footer_Apply_Now_GI" time="54.411" classname="com.Mcd.qa.TestCases.Footer_Navigation"/>
  <testcase name="Footer_Values_In_Action" time="10.898" classname="com.Mcd.qa.TestCases.Footer_Navigation"/>
  <testcase name="Open_URL" time="24.115" classname="com.Mcd.qa.TestCases.Footer_Navigation"/>
  <testcase name="Footer_Donations" time="6.756" classname="com.Mcd.qa.TestCases.Footer_Navigation"/>
  <testcase name="Footer_Investor_Relations" time="21.489" classname="com.Mcd.qa.TestCases.Footer_Navigation"/>
  <testcase name="Footer_MEET_Our_People_GI" time="76.406" classname="com.Mcd.qa.TestCases.Footer_Navigation"/>
  <testcase name="Footer_News_Notifications" time="11.071" classname="com.Mcd.qa.TestCases.Footer_Navigation"/>
  <testcase name="Footer_Working_With_Us_GI" time="51.908" classname="com.Mcd.qa.TestCases.Footer_Navigation"/>
  <testcase name="Footer_Contact_us" time="11.359" classname="com.Mcd.qa.TestCases.Footer_Navigation"/>
  <testcase name="Footer_Mobile_App" time="6.803" classname="com.Mcd.qa.TestCases.Footer_Navigation"/>
  <testcase name="Footer_Our_History" time="10.283" classname="com.Mcd.qa.TestCases.Footer_Navigation"/>
  <testcase name="Footer_Digital_Accessibility" time="9.184" classname="com.Mcd.qa.TestCases.Footer_Navigation"/>
  <testcase name="Footer_Community" time="17.075" classname="com.Mcd.qa.TestCases.Footer_Navigation"/>
  <testcase name="Footer_Real_Estate" time="11.952" classname="com.Mcd.qa.TestCases.Footer_Navigation"/>
  <testcase name="Footer_Employee_Perks_GI" time="54.678" classname="com.Mcd.qa.TestCases.Footer_Navigation"/>
  <testcase name="Footer_akamai_test_refresh" time="7.718" classname="com.Mcd.qa.TestCases.Footer_Navigation"/>
  <testcase name="Footer_Services" time="35.106" classname="com.Mcd.qa.TestCases.Footer_Navigation"/>
</testsuite> <!-- com.Mcd.qa.TestCases.Footer_Navigation -->
