<?xml version="1.0" encoding="UTF-8"?>
<!-- Generated by org.testng.reporters.JUnitReportReporter -->
<testsuite hostname="LIN35006143" name="com.Mcd.qa.TestCases.Mobile_App_Feedback" tests="27" failures="0" timestamp="21 Feb 2021 15:30:59 GMT" time="960.706" errors="0">
  <testcase name="Landmark_Mobile" time="31.918" classname="com.Mcd.qa.TestCases.Mobile_App_Feedback"/>
  <testcase name="Mobile_App_Version" time="48.039" classname="com.Mcd.qa.TestCases.Mobile_App_Feedback"/>
  <testcase name="Restaurant_Addrress_Mobile" time="29.570" classname="com.Mcd.qa.TestCases.Mobile_App_Feedback"/>
  <testcase name="Mobile_App_Feedback_Label" time="3.620" classname="com.Mcd.qa.TestCases.Mobile_App_Feedback"/>
  <testcase name="Email_Mobile" time="52.898" classname="com.Mcd.qa.TestCases.Mobile_App_Feedback"/>
  <testcase name="Global_Error_Message_Mobile" time="32.236" classname="com.Mcd.qa.TestCases.Mobile_App_Feedback"/>
  <testcase name="Mobile_Operating_System" time="26.356" classname="com.Mcd.qa.TestCases.Mobile_App_Feedback"/>
  <testcase name="Pick_Different_topic_Dropdown" time="115.366" classname="com.Mcd.qa.TestCases.Mobile_App_Feedback"/>
  <testcase name="What_was_your_takeway_Mobile" time="24.486" classname="com.Mcd.qa.TestCases.Mobile_App_Feedback"/>
  <testcase name="How_can_we_help_you" time="15.716" classname="com.Mcd.qa.TestCases.Mobile_App_Feedback"/>
  <testcase name="TELL_US_ABOUT_IT" time="39.923" classname="com.Mcd.qa.TestCases.Mobile_App_Feedback"/>
  <testcase name="Day_and_year_Mobile" time="35.748" classname="com.Mcd.qa.TestCases.Mobile_App_Feedback"/>
  <testcase name="Confirm_Email_Mobile" time="44.499" classname="com.Mcd.qa.TestCases.Mobile_App_Feedback"/>
  <testcase name="Phone_number_Mobile" time="38.152" classname="com.Mcd.qa.TestCases.Mobile_App_Feedback"/>
  <testcase name="Visit_Time_AM_PM_Mobile" time="26.594" classname="com.Mcd.qa.TestCases.Mobile_App_Feedback"/>
  <testcase name="Visit_Date_Mobile" time="25.061" classname="com.Mcd.qa.TestCases.Mobile_App_Feedback"/>
  <testcase name="First_Name_Mobile" time="47.447" classname="com.Mcd.qa.TestCases.Mobile_App_Feedback"/>
  <testcase name="Open_URLB" time="18.025" classname="com.Mcd.qa.TestCases.Mobile_App_Feedback"/>
  <testcase name="If_Appropriate_Label" time="15.767" classname="com.Mcd.qa.TestCases.Mobile_App_Feedback"/>
  <testcase name="By_Selecting_Submit_Mobile" time="43.869" classname="com.Mcd.qa.TestCases.Mobile_App_Feedback"/>
  <testcase name="Last_Name_Mobile" time="47.318" classname="com.Mcd.qa.TestCases.Mobile_App_Feedback"/>
  <testcase name="Cont_find_Location_Mobile" time="15.222" classname="com.Mcd.qa.TestCases.Mobile_App_Feedback"/>
  <testcase name="Restaurant_Locater" time="17.422" classname="com.Mcd.qa.TestCases.Mobile_App_Feedback"/>
  <testcase name="City_Mobile" time="32.364" classname="com.Mcd.qa.TestCases.Mobile_App_Feedback"/>
  <testcase name="Enter_Your_Comments" time="71.616" classname="com.Mcd.qa.TestCases.Mobile_App_Feedback"/>
  <testcase name="State_Mobile" time="24.851" classname="com.Mcd.qa.TestCases.Mobile_App_Feedback"/>
  <testcase name="Open_Close_Webstatus_Mobile_App" time="36.623" classname="com.Mcd.qa.TestCases.Mobile_App_Feedback"/>
</testsuite> <!-- com.Mcd.qa.TestCases.Mobile_App_Feedback -->
