<?xml version="1.0" encoding="UTF-8"?>
<!-- Generated by org.testng.reporters.JUnitReportReporter -->
<testsuite hostname="LIN35006143" name="com.Mcd.qa.TestCases.Franchising_Form" tests="43" failures="0" timestamp="21 Feb 2021 10:21:05 GMT" time="1775.931" errors="0">
  <testcase name="Your_Employer_Providing_Products" time="38.111" classname="com.Mcd.qa.TestCases.Franchising_Form"/>
  <testcase name="Relationship_Of_Marriage_To_AnyOwner" time="23.205" classname="com.Mcd.qa.TestCases.Franchising_Form"/>
  <testcase name="Email_AddressF" time="53.984" classname="com.Mcd.qa.TestCases.Franchising_Form"/>
  <testcase name="Total_Assets_InUS" time="43.283" classname="com.Mcd.qa.TestCases.Franchising_Form"/>
  <testcase name="Are_You_Related_By_Marriage_To_Any_Owner" time="39.113" classname="com.Mcd.qa.TestCases.Franchising_Form"/>
  <testcase name="How_Did_You_Learn_Of_McDonalds_Franchise" time="59.225" classname="com.Mcd.qa.TestCases.Franchising_Form"/>
  <testcase name="Franchise_Form_Label" time="5.958" classname="com.Mcd.qa.TestCases.Franchising_Form"/>
  <testcase name="Total_Debt_InUS" time="44.242" classname="com.Mcd.qa.TestCases.Franchising_Form"/>
  <testcase name="ZipF" time="48.362" classname="com.Mcd.qa.TestCases.Franchising_Form"/>
  <testcase name="Legal_InformationF" time="46.852" classname="com.Mcd.qa.TestCases.Franchising_Form"/>
  <testcase name="Have_you_or_your_spouse_everF" time="46.136" classname="com.Mcd.qa.TestCases.Franchising_Form"/>
  <testcase name="Have_you_ever_Had_Business" time="76.941" classname="com.Mcd.qa.TestCases.Franchising_Form"/>
  <testcase name="Total_Non_Borrowed_Funds_Available" time="37.845" classname="com.Mcd.qa.TestCases.Franchising_Form"/>
  <testcase name="GLOBAL_ERROR_MESSAGE_AND_RESET_BUTTON" time="22.451" classname="com.Mcd.qa.TestCases.Franchising_Form"/>
  <testcase name="StateF" time="37.702" classname="com.Mcd.qa.TestCases.Franchising_Form"/>
  <testcase name="Are_you_US_Cityzen" time="37.823" classname="com.Mcd.qa.TestCases.Franchising_Form"/>
  <testcase name="Select_Geography_Type" time="46.550" classname="com.Mcd.qa.TestCases.Franchising_Form"/>
  <testcase name="Relation_First_Name_Of_Marriage_To_AnyOwner" time="24.441" classname="com.Mcd.qa.TestCases.Franchising_Form"/>
  <testcase name="Have_You_Ever_Applied_For_AMcDonalds" time="46.981" classname="com.Mcd.qa.TestCases.Franchising_Form"/>
  <testcase name="Enter_Preferred_Region" time="48.036" classname="com.Mcd.qa.TestCases.Franchising_Form"/>
  <testcase name="First_NameF" time="46.715" classname="com.Mcd.qa.TestCases.Franchising_Form"/>
  <testcase name="Net_Worth_Assets_Minus_Debt" time="38.421" classname="com.Mcd.qa.TestCases.Franchising_Form"/>
  <testcase name="Degree_OccupationalField" time="49.330" classname="com.Mcd.qa.TestCases.Franchising_Form"/>
  <testcase name="Business_Or_Franchise_Information" time="76.628" classname="com.Mcd.qa.TestCases.Franchising_Form"/>
  <testcase name="Are_You_Fluent_In_Another_Language" time="52.289" classname="com.Mcd.qa.TestCases.Franchising_Form"/>
  <testcase name="Relation_Last_Name_Of_Marriage_To_AnyOwner" time="23.126" classname="com.Mcd.qa.TestCases.Franchising_Form"/>
  <testcase name="Company_Name" time="41.716" classname="com.Mcd.qa.TestCases.Franchising_Form"/>
  <testcase name="Address_USonlyF" time="43.619" classname="com.Mcd.qa.TestCases.Franchising_Form"/>
  <testcase name="Terms_And_Conditions" time="35.362" classname="com.Mcd.qa.TestCases.Franchising_Form"/>
  <testcase name="Are_You_Related_By_Blood_Marriage_To_Any_Officer" time="38.126" classname="com.Mcd.qa.TestCases.Franchising_Form"/>
  <testcase name="Relation_Last_Name_Of_Marriage_To_AnyOfficer" time="23.734" classname="com.Mcd.qa.TestCases.Franchising_Form"/>
  <testcase name="How_Much_Time_Will_You_Devote_To_This_Business" time="41.514" classname="com.Mcd.qa.TestCases.Franchising_Form"/>
  <testcase name="CityF" time="43.945" classname="com.Mcd.qa.TestCases.Franchising_Form"/>
  <testcase name="PhoneF" time="64.021" classname="com.Mcd.qa.TestCases.Franchising_Form"/>
  <testcase name="Relation_First_Name_Of_Marriage_To_AnyOfficer" time="22.954" classname="com.Mcd.qa.TestCases.Franchising_Form"/>
  <testcase name="Relationship_Of_Marriage_To_AnyOfficer" time="23.770" classname="com.Mcd.qa.TestCases.Franchising_Form"/>
  <testcase name="Last_NameF" time="45.731" classname="com.Mcd.qa.TestCases.Franchising_Form"/>
  <testcase name="Would_You_Be_Willing_To_Relocate_For_Restaurant" time="37.773" classname="com.Mcd.qa.TestCases.Franchising_Form"/>
  <testcase name="Describe_Duties_Number_Of_Employees" time="48.563" classname="com.Mcd.qa.TestCases.Franchising_Form"/>
  <testcase name="Education_Occupation" time="61.507" classname="com.Mcd.qa.TestCases.Franchising_Form"/>
  <testcase name="Position_Held" time="40.879" classname="com.Mcd.qa.TestCases.Franchising_Form"/>
  <testcase name="Open_urlF" time="24.032" classname="com.Mcd.qa.TestCases.Franchising_Form"/>
  <testcase name="Demographic_Information" time="24.935" classname="com.Mcd.qa.TestCases.Franchising_Form"/>
</testsuite> <!-- com.Mcd.qa.TestCases.Franchising_Form -->
