<?xml version="1.0" encoding="UTF-8"?>
<!-- Generated by org.testng.reporters.JUnitReportReporter -->
<testsuite hostname="LIN80002473" name="McD_test.Genaral_enquire" tests="4" failures="0" timestamp="3 Oct 2019 07:16:49 GMT" time="35.647" errors="0">
  <testcase name="first_name" time="6.486" classname="McD_test.Genaral_enquire"/>
  <testcase name="Genaral_havlabel" time="0.141" classname="McD_test.Genaral_enquire"/>
  <testcase name="generalEnquirey" time="7.945" classname="McD_test.Genaral_enquire"/>
  <testcase name="pickdifftopick" time="21.075" classname="McD_test.Genaral_enquire"/>
</testsuite> <!-- McD_test.Genaral_enquire -->
