<?xml version="1.0" encoding="UTF-8"?>
<!-- Generated by org.testng.reporters.JUnitReportReporter -->
<testsuite hostname="LIN80002473" name="com.Mcd.qa.TestCases.Geeral_Enquire_positive" tests="1" failures="0" timestamp="13 Jan 2020 10:19:34 GMT" time="12.076" errors="0">
  <testcase name="Open_URL_positive" time="12.076" classname="com.Mcd.qa.TestCases.Geeral_Enquire_positive"/>
</testsuite> <!-- com.Mcd.qa.TestCases.Geeral_Enquire_positive -->
