<?xml version="1.0" encoding="UTF-8"?>
<!-- Generated by org.testng.reporters.JUnitReportReporter -->
<testsuite hostname="LIN35006143" name="com.Mcd.qa.TestCases.Positive_Scenarios_All_Forms" tests="6" failures="0" timestamp="8 Mar 2021 04:35:25 GMT" time="717.228" errors="0">
  <testcase name="Mobile_App_Feedback_Positive_scenario" time="141.670" classname="com.Mcd.qa.TestCases.Positive_Scenarios_All_Forms"/>
  <testcase name="Restaurant_Feedback_Positive_scenario" time="139.836" classname="com.Mcd.qa.TestCases.Positive_Scenarios_All_Forms"/>
  <testcase name="Franchising_Positive_Scenario" time="132.106" classname="com.Mcd.qa.TestCases.Positive_Scenarios_All_Forms"/>
  <testcase name="Trademark_Permission_Positive_scenario" time="151.179" classname="com.Mcd.qa.TestCases.Positive_Scenarios_All_Forms"/>
  <testcase name="CCPA_Mcdonald_May_positive_scenario" time="73.191" classname="com.Mcd.qa.TestCases.Positive_Scenarios_All_Forms"/>
  <testcase name="General_Enquire_Positive_scenario" time="79.246" classname="com.Mcd.qa.TestCases.Positive_Scenarios_All_Forms"/>
</testsuite> <!-- com.Mcd.qa.TestCases.Positive_Scenarios_All_Forms -->
