<?xml version="1.0" encoding="UTF-8"?>
<!-- Generated by org.testng.reporters.JUnitReportReporter -->
<testsuite hostname="LIN35006143" name="com.Mcd.qa.TestCases.Local_Restaurant" tests="1" failures="0" timestamp="11 Nov 2020 10:13:35 GMT" time="17.823" errors="0">
  <testcase name="Local_Restaurant_OrderMcDelivery" time="17.823" classname="com.Mcd.qa.TestCases.Local_Restaurant"/>
</testsuite> <!-- com.Mcd.qa.TestCases.Local_Restaurant -->
