<?xml version="1.0" encoding="UTF-8"?>
<!-- Generated by org.testng.reporters.JUnitReportReporter -->
<testsuite hostname="LIN35006143" name="com.Mcd.qa.TestCases.Gmaapp_Positive_Scenario_For_Contactus_Forms" tests="7" failures="0" timestamp="10 Feb 2021 09:30:05 GMT" time="1031.678" errors="0">
  <testcase name="Gmaapp_General_Enquire_Positive_scenario" time="73.343" classname="com.Mcd.qa.TestCases.Gmaapp_Positive_Scenario_For_Contactus_Forms"/>
  <testcase name="Gmaapp_Mobile_App_Feedback_Positive_scenario" time="94.238" classname="com.Mcd.qa.TestCases.Gmaapp_Positive_Scenario_For_Contactus_Forms"/>
  <testcase name="Gmaapp_Franchising_Positive_Scenario" time="131.782" classname="com.Mcd.qa.TestCases.Gmaapp_Positive_Scenario_For_Contactus_Forms"/>
  <testcase name="Gmaapp_CCPA_Mcdonald_May_positive_scenario" time="142.422" classname="com.Mcd.qa.TestCases.Gmaapp_Positive_Scenario_For_Contactus_Forms"/>
  <testcase name="Gmaapp_Trademark_Permission_Positive_scenario" time="270.809" classname="com.Mcd.qa.TestCases.Gmaapp_Positive_Scenario_For_Contactus_Forms"/>
  <testcase name="Gmaapp_old_Restaurant_Feedback_Form_Positive_scenario" time="230.596" classname="com.Mcd.qa.TestCases.Gmaapp_Positive_Scenario_For_Contactus_Forms"/>
  <testcase name="Gmaapp_Restaurant_Feedback_Positive_scenario" time="88.488" classname="com.Mcd.qa.TestCases.Gmaapp_Positive_Scenario_For_Contactus_Forms"/>
</testsuite> <!-- com.Mcd.qa.TestCases.Gmaapp_Positive_Scenario_For_Contactus_Forms -->
