<?xml version="1.0" encoding="UTF-8"?>
<!-- Generated by org.testng.reporters.JUnitReportReporter -->
<testsuite hostname="LIN80002473" name="com.Mcd.qa.TestCases.Cock_Store_locator" tests="4" failures="0" timestamp="24 Feb 2020 05:32:13 GMT" time="155.607" errors="0">
  <testcase name="Filters_Coke_Store_Locator" time="70.683" classname="com.Mcd.qa.TestCases.Cock_Store_locator"/>
  <testcase name="Coke_Store_Locator" time="16.177" classname="com.Mcd.qa.TestCases.Cock_Store_locator"/>
  <testcase name="List_view_Coke_store" time="60.497" classname="com.Mcd.qa.TestCases.Cock_Store_locator"/>
  <testcase name="Open_URL_Cock_store_Locator" time="8.250" classname="com.Mcd.qa.TestCases.Cock_Store_locator"/>
</testsuite> <!-- com.Mcd.qa.TestCases.Cock_Store_locator -->
