<?xml version="1.0" encoding="UTF-8"?>
<!-- Generated by org.testng.reporters.JUnitReportReporter -->
<testsuite hostname="LIN35006143" name="com.Mcd.qa.TestCases.CCPA_Rights_Center" tests="17" failures="0" timestamp="21 Feb 2021 09:46:28 GMT" time="728.817" errors="0">
  <testcase name="CCPA_Rights_Center_heading" time="8.746" classname="com.Mcd.qa.TestCases.CCPA_Rights_Center"/>
  <testcase name="Confirm_Email_CCPA" time="49.761" classname="com.Mcd.qa.TestCases.CCPA_Rights_Center"/>
  <testcase name="positive_scenario_Mcdonald_May_CCPA" time="92.885" classname="com.Mcd.qa.TestCases.CCPA_Rights_Center"/>
  <testcase name="positive_scenario_Deletion_Dlete_CCPA" time="62.537" classname="com.Mcd.qa.TestCases.CCPA_Rights_Center"/>
  <testcase name="RESET_BUTTON_CCPA" time="40.303" classname="com.Mcd.qa.TestCases.CCPA_Rights_Center"/>
  <testcase name="Accessibility_Link_CCPA" time="28.734" classname="com.Mcd.qa.TestCases.CCPA_Rights_Center"/>
  <testcase name="Phone_number_CCPA" time="32.563" classname="com.Mcd.qa.TestCases.CCPA_Rights_Center"/>
  <testcase name="Last_Name_CCPA" time="50.451" classname="com.Mcd.qa.TestCases.CCPA_Rights_Center"/>
  <testcase name="Privacy_Statement_CCPA" time="26.006" classname="com.Mcd.qa.TestCases.CCPA_Rights_Center"/>
  <testcase name="Please_specify_request_CCPA" time="45.398" classname="com.Mcd.qa.TestCases.CCPA_Rights_Center"/>
  <testcase name="Frist_Name_CCPA" time="46.552" classname="com.Mcd.qa.TestCases.CCPA_Rights_Center"/>
  <testcase name="Email_CCPA" time="52.046" classname="com.Mcd.qa.TestCases.CCPA_Rights_Center"/>
  <testcase name="Contactprivacy_Link_CCPA" time="26.210" classname="com.Mcd.qa.TestCases.CCPA_Rights_Center"/>
  <testcase name="Open_URL_CCPA" time="18.395" classname="com.Mcd.qa.TestCases.CCPA_Rights_Center"/>
  <testcase name="By_Selecting_Submit_GLOBAL_ERROR_MESSAGE_CCPA" time="43.005" classname="com.Mcd.qa.TestCases.CCPA_Rights_Center"/>
  <testcase name="State_CCPA" time="37.953" classname="com.Mcd.qa.TestCases.CCPA_Rights_Center"/>
  <testcase name="positive_scenario_Access_Provide_CCPA" time="67.272" classname="com.Mcd.qa.TestCases.CCPA_Rights_Center"/>
</testsuite> <!-- com.Mcd.qa.TestCases.CCPA_Rights_Center -->
