<?xml version="1.0" encoding="UTF-8"?>
<!-- Generated by org.testng.reporters.JUnitReportReporter -->
<testsuite hostname="LIN35006143" name="com.Mcd.qa.TestCases.Restaurant_Locator" tests="8" failures="0" timestamp="21 Feb 2021 11:40:47 GMT" time="402.486" errors="0">
  <testcase name="Restautant_Address_Mapview" time="26.851" classname="com.Mcd.qa.TestCases.Restaurant_Locator"/>
  <testcase name="Order_McDelivery_Link_Mapview" time="60.114" classname="com.Mcd.qa.TestCases.Restaurant_Locator"/>
  <testcase name="Open_Close_Webstatus" time="35.726" classname="com.Mcd.qa.TestCases.Restaurant_Locator"/>
  <testcase name="Show_More_Restaurant_Locator" time="94.060" classname="com.Mcd.qa.TestCases.Restaurant_Locator"/>
  <testcase name="Load_More" time="50.866" classname="com.Mcd.qa.TestCases.Restaurant_Locator"/>
  <testcase name="Locate_me" time="66.221" classname="com.Mcd.qa.TestCases.Restaurant_Locator"/>
  <testcase name="Open_URL_Restautant_Locator" time="12.751" classname="com.Mcd.qa.TestCases.Restaurant_Locator"/>
  <testcase name="Order_McDelivery_Link_Header" time="55.897" classname="com.Mcd.qa.TestCases.Restaurant_Locator"/>
</testsuite> <!-- com.Mcd.qa.TestCases.Restaurant_Locator -->
