<?xml version="1.0" encoding="UTF-8"?>
<!-- Generated by org.testng.reporters.JUnitReportReporter -->
<testsuite skipped="0" hostname="LIN80016088" name="com.Mcd.qa.TestCases.Positive_Scenarios_All_Forms" tests="6" failures="0" timestamp="26 Mar 2021 05:00:41 GMT" time="494.828" errors="0">
  <testcase name="Restaurant_Feedback_Positive_scenario" time="103.802" classname="com.Mcd.qa.TestCases.Positive_Scenarios_All_Forms"/>
  <testcase name="General_Enquire_Positive_scenario" time="58.662" classname="com.Mcd.qa.TestCases.Positive_Scenarios_All_Forms"/>
  <testcase name="Mobile_App_Feedback_Positive_scenario" time="82.180" classname="com.Mcd.qa.TestCases.Positive_Scenarios_All_Forms"/>
  <testcase name="Franchising_Positive_Scenario" time="93.347" classname="com.Mcd.qa.TestCases.Positive_Scenarios_All_Forms"/>
  <testcase name="Trademark_Permission_Positive_scenario" time="97.282" classname="com.Mcd.qa.TestCases.Positive_Scenarios_All_Forms"/>
  <testcase name="CCPA_Mcdonald_May_positive_scenario" time="59.555" classname="com.Mcd.qa.TestCases.Positive_Scenarios_All_Forms"/>
</testsuite> <!-- com.Mcd.qa.TestCases.Positive_Scenarios_All_Forms -->
